0 info it worked if it ends with ok
1 verbose cli [ '/home/hyf/.nvm/versions/io.js/v3.3.1/bin/iojs',
1 verbose cli   '/home/hyf/.nvm/versions/io.js/v3.3.1/bin/npm',
1 verbose cli   'owner',
1 verbose cli   'ls',
1 verbose cli   'javascript-quiz' ]
2 info using npm@2.14.3
3 info using node@v3.3.1
4 silly mapToRegistry name javascript-quiz
5 silly mapToRegistry using default registry
6 silly mapToRegistry registry https://registry.npmjs.org/
7 silly mapToRegistry uri https://registry.npmjs.org/javascript-quiz
8 verbose request uri https://registry.npmjs.org/javascript-quiz
9 verbose request no auth needed
10 info attempt registry request try #1 at 11:09:17 PM
11 verbose request id 0ac2d2b82acfa6f8
12 http request GET https://registry.npmjs.org/javascript-quiz
13 http 404 https://registry.npmjs.org/javascript-quiz
14 verbose headers { date: 'Wed, 11 Aug 2021 21:10:37 GMT',
14 verbose headers   'content-type': 'application/json',
14 verbose headers   'content-length': '21',
14 verbose headers   connection: 'keep-alive',
14 verbose headers   'cf-ray': '67d4739d58002e62-BRU',
14 verbose headers   vary: 'Accept-Encoding',
14 verbose headers   'expect-ct': 'max-age=604800, report-uri="https://report-uri.cloudflare.com/cdn-cgi/beacon/expect-ct"',
14 verbose headers   server: 'cloudflare' }
15 silly get cb [ 404,
15 silly get   { date: 'Wed, 11 Aug 2021 21:10:37 GMT',
15 silly get     'content-type': 'application/json',
15 silly get     'content-length': '21',
15 silly get     connection: 'keep-alive',
15 silly get     'cf-ray': '67d4739d58002e62-BRU',
15 silly get     vary: 'Accept-Encoding',
15 silly get     'expect-ct': 'max-age=604800, report-uri="https://report-uri.cloudflare.com/cdn-cgi/beacon/expect-ct"',
15 silly get     server: 'cloudflare' } ]
16 error owner ls Couldn't get owner data javascript-quiz
17 verbose stack Error: Not found : javascript-quiz
17 verbose stack     at makeError (/home/hyf/.nvm/versions/io.js/v3.3.1/lib/node_modules/npm/node_modules/npm-registry-client/lib/request.js:263:12)
17 verbose stack     at CachingRegistryClient.<anonymous> (/home/hyf/.nvm/versions/io.js/v3.3.1/lib/node_modules/npm/node_modules/npm-registry-client/lib/request.js:251:14)
17 verbose stack     at Request._callback (/home/hyf/.nvm/versions/io.js/v3.3.1/lib/node_modules/npm/node_modules/npm-registry-client/lib/request.js:171:14)
17 verbose stack     at Request.self.callback (/home/hyf/.nvm/versions/io.js/v3.3.1/lib/node_modules/npm/node_modules/request/request.js:198:22)
17 verbose stack     at emitTwo (events.js:87:13)
17 verbose stack     at Request.emit (events.js:172:7)
17 verbose stack     at Request.<anonymous> (/home/hyf/.nvm/versions/io.js/v3.3.1/lib/node_modules/npm/node_modules/request/request.js:1073:14)
17 verbose stack     at emitOne (events.js:82:20)
17 verbose stack     at Request.emit (events.js:169:7)
17 verbose stack     at IncomingMessage.<anonymous> (/home/hyf/.nvm/versions/io.js/v3.3.1/lib/node_modules/npm/node_modules/request/request.js:1019:12)
18 verbose statusCode 404
19 verbose pkgid javascript-quiz
20 verbose cwd /home/hyf/HYF/SEPARATION-OF-CONCERNS2/word-list
21 error Linux 4.15.0-153-generic
22 error argv "/home/hyf/.nvm/versions/io.js/v3.3.1/bin/iojs" "/home/hyf/.nvm/versions/io.js/v3.3.1/bin/npm" "owner" "ls" "javascript-quiz"
23 error node v3.3.1
24 error npm  v2.14.3
25 error code E404
26 error 404 Not found : javascript-quiz
26 error 404
26 error 404 'javascript-quiz' is not in the npm registry.
26 error 404 You should bug the author to publish it (or use the name yourself!)
26 error 404
26 error 404 Note that you can also install from a
26 error 404 tarball, folder, http url, or git url.
27 verbose exit [ 1, true ]
